# JRE version: OpenJDK Runtime Environment Temurin-17.0.2+8 (17.0.2+8) (build 17.0.2+8)
# Java VM: OpenJDK 64-Bit Server VM Temurin-17.0.2+8 (17.0.2+8, mixed mode, emulated-client, tiered, compressed oops, compressed class ptrs, g1 gc, windows-amd64)
GC Precious Log:
 CPUs: 8 total, 8 available
 Memory: 3877M
 Large Page Support: Disabled
 NUMA Support: Disabled
 Compressed Oops: Enabled (32-bit)
 Heap Region Size: 1M
 Heap Min Capacity: 8M
 Heap Initial Capacity: 62M
 Heap Max Capacity: 970M
 Pre-touch: Disabled
 Parallel Workers: 8
 Concurrent Workers: 2
 Concurrent Refinement Workers: 8
 Periodic GC: Disabled
Heap:
 garbage-first heap   total 58368K, used 22954K [0x00000000c3600000, 0x0000000100000000)
  region size 1024K, 3 young (3072K), 3 survivors (3072K)
 Metaspace       used 47492K, committed 47872K, reserved 1097728K
  class space    used 6395K, committed 6592K, reserved 1048576K
GC Heap History (20 events):
Event: 1.477 GC heap after
{Heap after GC invocations=1 (full 0):
 garbage-first heap   total 63488K, used 9248K [0x00000000c3600000, 0x0000000100000000)
  region size 1024K, 3 young (3072K), 3 survivors (3072K)
 Metaspace       used 14950K, committed 15168K, reserved 1064960K
  class space    used 1562K, committed 1664K, reserved 1048576K
}
Event: 2.121 GC heap before
{Heap before GC invocations=1 (full 0):
 garbage-first heap   total 63488K, used 28704K [0x00000000c3600000, 0x0000000100000000)
  region size 1024K, 22 young (22528K), 3 survivors (3072K)
 Metaspace       used 19836K, committed 20096K, reserved 1073152K
  class space    used 2304K, committed 2432K, reserved 1048576K
}
Event: 2.126 GC heap after
{Heap after GC invocations=2 (full 0):
 garbage-first heap   total 63488K, used 11570K [0x00000000c3600000, 0x0000000100000000)
  region size 1024K, 2 young (2048K), 2 survivors (2048K)
 Metaspace       used 19836K, committed 20096K, reserved 1073152K
  class space    used 2304K, committed 2432K, reserved 1048576K
}
Event: 2.181 GC heap before
{Heap before GC invocations=2 (full 0):
 garbage-first heap   total 63488K, used 15666K [0x00000000c3600000, 0x0000000100000000)
  region size 1024K, 8 young (8192K), 2 survivors (2048K)
 Metaspace       used 21302K, committed 21504K, reserved 1073152K
  class space    used 2471K, committed 2560K, reserved 1048576K
}
Event: 2.185 GC heap after
{Heap after GC invocations=3 (full 0):
 garbage-first heap   total 63488K, used 11922K [0x00000000c3600000, 0x0000000100000000)
  region size 1024K, 1 young (1024K), 1 survivors (1024K)
 Metaspace       used 21302K, committed 21504K, reserved 1073152K
  class space    used 2471K, committed 2560K, reserved 1048576K
}
Event: 2.492 GC heap before
{Heap before GC invocations=4 (full 0):
 garbage-first heap   total 48128K, used 35474K [0x00000000c3600000, 0x0000000100000000)
  region size 1024K, 25 young (25600K), 1 survivors (1024K)
 Metaspace       used 26075K, committed 26368K, reserved 1073152K
  class space    used 3237K, committed 3392K, reserved 1048576K
}
Event: 2.496 GC heap after
{Heap after GC invocations=5 (full 0):
 garbage-first heap   total 48128K, used 13635K [0x00000000c3600000, 0x0000000100000000)
  region size 1024K, 2 young (2048K), 2 survivors (2048K)
 Metaspace       used 26075K, committed 26368K, reserved 1073152K
  class space    used 3237K, committed 3392K, reserved 1048576K
}
Event: 2.657 GC heap before
{Heap before GC invocations=5 (full 0):
 garbage-first heap   total 48128K, used 31043K [0x00000000c3600000, 0x0000000100000000)
  region size 1024K, 20 young (20480K), 2 survivors (2048K)
 Metaspace       used 29482K, committed 29760K, reserved 1081344K
  class space    used 3572K, committed 3712K, reserved 1048576K
}
Event: 2.661 GC heap after
{Heap after GC invocations=6 (full 0):
 garbage-first heap   total 48128K, used 14870K [0x00000000c3600000, 0x0000000100000000)
  region size 1024K, 2 young (2048K), 2 survivors (2048K)
 Metaspace       used 29482K, committed 29760K, reserved 1081344K
  class space    used 3572K, committed 3712K, reserved 1048576K
}
Event: 2.854 GC heap before
{Heap before GC invocations=6 (full 0):
 garbage-first heap   total 48128K, used 32278K [0x00000000c3600000, 0x0000000100000000)
  region size 1024K, 19 young (19456K), 2 survivors (2048K)
 Metaspace       used 31001K, committed 31296K, reserved 1081344K
  class space    used 3821K, committed 3968K, reserved 1048576K
}
Event: 2.858 GC heap after
{Heap after GC invocations=7 (full 0):
 garbage-first heap   total 48128K, used 15868K [0x00000000c3600000, 0x0000000100000000)
  region size 1024K, 3 young (3072K), 3 survivors (3072K)
 Metaspace       used 31001K, committed 31296K, reserved 1081344K
  class space    used 3821K, committed 3968K, reserved 1048576K
}
Event: 3.435 GC heap before
{Heap before GC invocations=7 (full 0):
 garbage-first heap   total 48128K, used 33276K [0x00000000c3600000, 0x0000000100000000)
  region size 1024K, 20 young (20480K), 3 survivors (3072K)
 Metaspace       used 33345K, committed 33664K, reserved 1081344K
  class space    used 4199K, committed 4352K, reserved 1048576K
}
Event: 3.441 GC heap after
{Heap after GC invocations=8 (full 0):
 garbage-first heap   total 58368K, used 16937K [0x00000000c3600000, 0x0000000100000000)
  region size 1024K, 3 young (3072K), 3 survivors (3072K)
 Metaspace       used 33345K, committed 33664K, reserved 1081344K
  class space    used 4199K, committed 4352K, reserved 1048576K
}
Event: 3.826 GC heap before
{Heap before GC invocations=8 (full 0):
 garbage-first heap   total 58368K, used 32297K [0x00000000c3600000, 0x0000000100000000)
  region size 1024K, 19 young (19456K), 3 survivors (3072K)
 Metaspace       used 35669K, committed 35968K, reserved 1081344K
  class space    used 4599K, committed 4736K, reserved 1048576K
}
Event: 3.834 GC heap after
{Heap after GC invocations=9 (full 0):
 garbage-first heap   total 58368K, used 18033K [0x00000000c3600000, 0x0000000100000000)
  region size 1024K, 3 young (3072K), 3 survivors (3072K)
 Metaspace       used 35669K, committed 35968K, reserved 1081344K
  class space    used 4599K, committed 4736K, reserved 1048576K
}
Event: 4.336 GC heap before
{Heap before GC invocations=10 (full 0):
 garbage-first heap   total 58368K, used 42609K [0x00000000c3600000, 0x0000000100000000)
  region size 1024K, 27 young (27648K), 3 survivors (3072K)
 Metaspace       used 39704K, committed 40064K, reserved 1089536K
  class space    used 5182K, committed 5376K, reserved 1048576K
}
Event: 4.345 GC heap after
{Heap after GC invocations=11 (full 0):
 garbage-first heap   total 58368K, used 20599K [0x00000000c3600000, 0x0000000100000000)
  region size 1024K, 4 young (4096K), 4 survivors (4096K)
 Metaspace       used 39704K, committed 40064K, reserved 1089536K
  class space    used 5182K, committed 5376K, reserved 1048576K
}
Event: 4.665 GC heap before
{Heap before GC invocations=11 (full 0):
 garbage-first heap   total 58368K, used 45175K [0x00000000c3600000, 0x0000000100000000)
  region size 1024K, 26 young (26624K), 4 survivors (4096K)
 Metaspace       used 41292K, committed 41664K, reserved 1089536K
  class space    used 5416K, committed 5568K, reserved 1048576K
}
Event: 4.669 GC heap after
{Heap after GC invocations=12 (full 0):
 garbage-first heap   total 58368K, used 21859K [0x00000000c3600000, 0x0000000100000000)
  region size 1024K, 2 young (2048K), 2 survivors (2048K)
 Metaspace       used 41292K, committed 41664K, reserved 1089536K
  class space    used 5416K, committed 5568K, reserved 1048576K
}
Event: 5.503 GC heap before
{Heap before GC invocations=12 (full 0):
 garbage-first heap   total 58368K, used 44387K [0x00000000c3600000, 0x0000000100000000)
  region size 1024K, 24 young (24576K), 2 survivors (2048K)
 Metaspace       used 47492K, committed 47872K, reserved 1097728K
  class space    used 6395K, committed 6592K, reserved 1048576K
}

